# JRE version: Java(TM) SE Runtime Environment (8.0_101-b13) (build 1.8.0_101-b13)
# Java VM: Java HotSpot(TM) 64-Bit Server VM (25.101-b13 mixed mode windows-amd64 compressed oops)
Heap:
 PSYoungGen      total 672768K, used 86375K [0x00000000d5580000, 0x0000000100000000, 0x0000000100000000)
  eden space 647168K, 11% used [0x00000000d5580000,0x00000000d9ede5f8,0x00000000fcd80000)
  from space 25600K, 43% used [0x00000000fcd80000,0x00000000fd87b940,0x00000000fe680000)
  to   space 25088K, 0% used [0x00000000fe780000,0x00000000fe780000,0x0000000100000000)
 ParOldGen       total 1398272K, used 116317K [0x0000000080000000, 0x00000000d5580000, 0x00000000d5580000)
  object space 1398272K, 8% used [0x0000000080000000,0x0000000087197650,0x00000000d5580000)
 Metaspace       used 69240K, capacity 70344K, committed 72616K, reserved 1110016K
  class space    used 10751K, capacity 11029K, committed 11440K, reserved 1048576K
GC Heap History (10 events):
Event: 3448.823 GC heap before
{Heap before GC invocations=68 (full 33):
 PSYoungGen      total 672768K, used 96K [0x00000000d5580000, 0x0000000100000000, 0x0000000100000000)
  eden space 646656K, 0% used [0x00000000d5580000,0x00000000d5580000,0x00000000fcd00000)
  from space 26112K, 0% used [0x00000000fcd00000,0x00000000fcd18000,0x00000000fe680000)
  to   space 25088K, 0% used [0x00000000fe780000,0x00000000fe780000,0x0000000100000000)
 ParOldGen       total 1398272K, used 116309K [0x0000000080000000, 0x00000000d5580000, 0x00000000d5580000)
  object space 1398272K, 8% used [0x0000000080000000,0x0000000087195678,0x00000000d5580000)
 Metaspace       used 68676K, capacity 69664K, committed 72104K, reserved 1110016K
  class space    used 10703K, capacity 10933K, committed 11440K, reserved 1048576K
Event: 3448.903 GC heap after
Heap after GC invocations=68 (full 33):
 PSYoungGen      total 672768K, used 0K [0x00000000d5580000, 0x0000000100000000, 0x0000000100000000)
  eden space 646656K, 0% used [0x00000000d5580000,0x00000000d5580000,0x00000000fcd00000)
  from space 26112K, 0% used [0x00000000fcd00000,0x00000000fcd00000,0x00000000fe680000)
  to   space 25088K, 0% used [0x00000000fe780000,0x00000000fe780000,0x0000000100000000)
 ParOldGen       total 1398272K, used 116309K [0x0000000080000000, 0x00000000d5580000, 0x00000000d5580000)
  object space 1398272K, 8% used [0x0000000080000000,0x0000000087195650,0x00000000d5580000)
 Metaspace       used 68676K, capacity 69664K, committed 72104K, reserved 1110016K
  class space    used 10703K, capacity 10933K, committed 11440K, reserved 1048576K
}
Event: 4169.987 GC heap before
{Heap before GC invocations=69 (full 33):
 PSYoungGen      total 672768K, used 646656K [0x00000000d5580000, 0x0000000100000000, 0x0000000100000000)
  eden space 646656K, 100% used [0x00000000d5580000,0x00000000fcd00000,0x00000000fcd00000)
  from space 26112K, 0% used [0x00000000fcd00000,0x00000000fcd00000,0x00000000fe680000)
  to   space 25088K, 0% used [0x00000000fe780000,0x00000000fe780000,0x0000000100000000)
 ParOldGen       total 1398272K, used 116309K [0x0000000080000000, 0x00000000d5580000, 0x00000000d5580000)
  object space 1398272K, 8% used [0x0000000080000000,0x0000000087195650,0x00000000d5580000)
 Metaspace       used 69207K, capacity 70274K, committed 72360K, reserved 1110016K
  class space    used 10749K, capacity 11028K, committed 11440K, reserved 1048576K
Event: 4170.001 GC heap after
Heap after GC invocations=69 (full 33):
 PSYoungGen      total 671744K, used 14010K [0x00000000d5580000, 0x0000000100000000, 0x0000000100000000)
  eden space 646656K, 0% used [0x00000000d5580000,0x00000000d5580000,0x00000000fcd00000)
  from space 25088K, 55% used [0x00000000fe780000,0x00000000ff52e888,0x0000000100000000)
  to   space 26112K, 0% used [0x00000000fcd00000,0x00000000fcd00000,0x00000000fe680000)
 ParOldGen       total 1398272K, used 116317K [0x0000000080000000, 0x00000000d5580000, 0x00000000d5580000)
  object space 1398272K, 8% used [0x0000000080000000,0x0000000087197650,0x00000000d5580000)
 Metaspace       used 69207K, capacity 70274K, committed 72360K, reserved 1110016K
  class space    used 10749K, capacity 11028K, committed 11440K, reserved 1048576K
}
Event: 4178.176 GC heap before
{Heap before GC invocations=70 (full 33):
 PSYoungGen      total 671744K, used 660666K [0x00000000d5580000, 0x0000000100000000, 0x0000000100000000)
  eden space 646656K, 100% used [0x00000000d5580000,0x00000000fcd00000,0x00000000fcd00000)
  from space 25088K, 55% used [0x00000000fe780000,0x00000000ff52e888,0x0000000100000000)
  to   space 26112K, 0% used [0x00000000fcd00000,0x00000000fcd00000,0x00000000fe680000)
 ParOldGen       total 1398272K, used 116317K [0x0000000080000000, 0x00000000d5580000, 0x00000000d5580000)
  object space 1398272K, 8% used [0x0000000080000000,0x0000000087197650,0x00000000d5580000)
 Metaspace       used 69223K, capacity 70338K, committed 72616K, reserved 1110016K
  class space    used 10749K, capacity 11028K, committed 11440K, reserved 1048576K
Event: 4178.182 GC heap after
Heap after GC invocations=70 (full 33):
 PSYoungGen      total 672768K, used 10806K [0x00000000d5580000, 0x0000000100000000, 0x0000000100000000)
  eden space 646656K, 0% used [0x00000000d5580000,0x00000000d5580000,0x00000000fcd00000)
  from space 26112K, 41% used [0x00000000fcd00000,0x00000000fd78d9b0,0x00000000fe680000)
  to   space 26112K, 0% used [0x00000000fe680000,0x00000000fe680000,0x0000000100000000)
 ParOldGen       total 1398272K, used 116317K [0x0000000080000000, 0x00000000d5580000, 0x00000000d5580000)
  object space 1398272K, 8% used [0x0000000080000000,0x0000000087197650,0x00000000d5580000)
 Metaspace       used 69223K, capacity 70338K, committed 72616K, reserved 1110016K
  class space    used 10749K, capacity 11028K, committed 11440K, reserved 1048576K
}
Event: 4186.346 GC heap before
{Heap before GC invocations=71 (full 33):
 PSYoungGen      total 672768K, used 657462K [0x00000000d5580000, 0x0000000100000000, 0x0000000100000000)
  eden space 646656K, 100% used [0x00000000d5580000,0x00000000fcd00000,0x00000000fcd00000)
  from space 26112K, 41% used [0x00000000fcd00000,0x00000000fd78d9b0,0x00000000fe680000)
  to   space 26112K, 0% used [0x00000000fe680000,0x00000000fe680000,0x0000000100000000)
 ParOldGen       total 1398272K, used 116317K [0x0000000080000000, 0x00000000d5580000, 0x00000000d5580000)
  object space 1398272K, 8% used [0x0000000080000000,0x0000000087197650,0x00000000d5580000)
 Metaspace       used 69230K, capacity 70344K, committed 72616K, reserved 1110016K
  class space    used 10750K, capacity 11029K, committed 11440K, reserved 1048576K
Event: 4186.352 GC heap after
Heap after GC invocations=71 (full 33):
 PSYoungGen      total 673280K, used 11044K [0x00000000d5580000, 0x0000000100000000, 0x0000000100000000)
  eden space 647168K, 0% used [0x00000000d5580000,0x00000000d5580000,0x00000000fcd80000)
  from space 26112K, 42% used [0x00000000fe680000,0x00000000ff149208,0x0000000100000000)
  to   space 25600K, 0% used [0x00000000fcd80000,0x00000000fcd80000,0x00000000fe680000)
 ParOldGen       total 1398272K, used 116317K [0x0000000080000000, 0x00000000d5580000, 0x00000000d5580000)
  object space 1398272K, 8% used [0x0000000080000000,0x0000000087197650,0x00000000d5580000)
 Metaspace       used 69230K, capacity 70344K, committed 72616K, reserved 1110016K
  class space    used 10750K, capacity 11029K, committed 11440K, reserved 1048576K
}
Event: 4194.550 GC heap before
{Heap before GC invocations=72 (full 33):
 PSYoungGen      total 673280K, used 658212K [0x00000000d5580000, 0x0000000100000000, 0x0000000100000000)
  eden space 647168K, 100% used [0x00000000d5580000,0x00000000fcd80000,0x00000000fcd80000)
  from space 26112K, 42% used [0x00000000fe680000,0x00000000ff149208,0x0000000100000000)
  to   space 25600K, 0% used [0x00000000fcd80000,0x00000000fcd80000,0x00000000fe680000)
 ParOldGen       total 1398272K, used 116317K [0x0000000080000000, 0x00000000d5580000, 0x00000000d5580000)
  object space 1398272K, 8% used [0x0000000080000000,0x0000000087197650,0x00000000d5580000)
 Metaspace       used 69238K, capacity 70344K, committed 72616K, reserved 1110016K
  class space    used 10751K, capacity 11029K, committed 11440K, reserved 1048576K
Event: 4194.557 GC heap after
Heap after GC invocations=72 (full 33):
 PSYoungGen      total 672768K, used 11246K [0x00000000d5580000, 0x0000000100000000, 0x0000000100000000)
  eden space 647168K, 0% used [0x00000000d5580000,0x00000000d5580000,0x00000000fcd80000)
  from space 25600K, 43% used [0x00000000fcd80000,0x00000000fd87b940,0x00000000fe680000)
  to   space 25088K, 0% used [0x00000000fe780000,0x00000000fe780000,0x0000000100000000)
 ParOldGen       total 1398272K, used 116317K [0x0000000080000000, 0x00000000d5580000, 0x00000000d5580000)
  object space 1398272K, 8% used [0x0000000080000000,0x0000000087197650,0x00000000d5580000)
 Metaspace       used 69238K, capacity 70344K, committed 72616K, reserved 1110016K
  class space    used 10751K, capacity 11029K, committed 11440K, reserved 1048576K
}

